<?xml version="1.0" encoding="UTF-8"?>
<!-- Generated by org.testng.reporters.JUnitXMLReporter -->
<testsuite hostname="Shraddha" name="On chrome" tests="1" failures="1" timestamp="10 Dec 2017 17:56:25 GMT" time="0.015" errors="0">
  <testcase name="gd" time="0.009" classname="com.Ranfordbank.master.Grid">
    <failure type="java.lang.NullPointerException" message="null value in entry: desiredCapabilities=null">
      <![CDATA[java.lang.NullPointerException: null value in entry: desiredCapabilities=null
	at com.google.common.collect.CollectPreconditions.checkEntryNotNull(CollectPreconditions.java:33)
	at com.google.common.collect.ImmutableMapEntry.<init>(ImmutableMapEntry.java:50)
	at com.google.common.collect.ImmutableMap.entryOf(ImmutableMap.java:122)
	at com.google.common.collect.ImmutableMap$Builder.put(ImmutableMap.java:197)
	at org.openqa.selenium.remote.RemoteWebDriver.startSession(RemoteWebDriver.java:243)
	at org.openqa.selenium.remote.RemoteWebDriver.<init>(RemoteWebDriver.java:131)
	at org.openqa.selenium.remote.RemoteWebDriver.<init>(RemoteWebDriver.java:158)
	at com.Ranfordbank.master.Grid.gd(Grid.java:32)
... Removed 24 stack frames]]>
    </failure>
  </testcase> <!-- gd -->
</testsuite> <!-- On chrome -->
