<?xml version="1.0" encoding="UTF-8"?>
<!-- Generated by org.testng.reporters.JUnitXMLReporter -->
<testsuite hostname="Shraddha" name="Test" tests="12" failures="0" timestamp="30 Nov 2017 19:26:02 GMT" time="274.857" errors="0">
  <testcase name="Empcreate" time="20.49" classname="com.Ranfordbank.master.EmpTNG"/>
  <testcase name="Empcreate" time="20.152" classname="com.Ranfordbank.master.EmpTNG"/>
  <testcase name="Empcreate" time="20.374" classname="com.Ranfordbank.master.EmpTNG"/>
  <testcase name="Empcreate" time="20.288" classname="com.Ranfordbank.master.EmpTNG"/>
  <testcase name="Empcreate" time="20.16" classname="com.Ranfordbank.master.EmpTNG"/>
  <testcase name="Rolecre" time="22.262" classname="com.Ranfordbank.master.RoleTNG"/>
  <testcase name="Rolecre" time="22.363" classname="com.Ranfordbank.master.RoleTNG"/>
  <testcase name="Rolecre" time="22.167" classname="com.Ranfordbank.master.RoleTNG"/>
  <testcase name="Rolecre" time="22.177" classname="com.Ranfordbank.master.RoleTNG"/>
  <testcase name="Branch" time="27.569" classname="com.Ranfordbank.master.BranchTNG"/>
  <testcase name="Branch" time="26.191" classname="com.Ranfordbank.master.BranchTNG"/>
  <testcase name="Branch" time="26.042" classname="com.Ranfordbank.master.BranchTNG"/>
</testsuite> <!-- Test -->
